Sat Dec 29 17:27:30 CST 2018  [debug] AvalonLogSystem initialized using logfile 'D:\workspaces\VTS_WEB\.metadata\.plugins\com.genuitec.eclipse.templates\velocity.log'
Sat Dec 29 17:27:30 CST 2018   [info] ************************************************************** 
Sat Dec 29 17:27:30 CST 2018   [info] Starting Jakarta Velocity v1.4
Sat Dec 29 17:27:30 CST 2018   [info] RuntimeInstance initializing.
Sat Dec 29 17:27:30 CST 2018   [info] Default Properties File: org\apache\velocity\runtime\defaults\velocity.properties
Sat Dec 29 17:27:30 CST 2018   [info] Trying to use logger class org.apache.velocity.runtime.log.AvalonLogSystem
Sat Dec 29 17:27:30 CST 2018   [info] Using logger class org.apache.velocity.runtime.log.AvalonLogSystem
Sat Dec 29 17:27:30 CST 2018   [info] Default ResourceManager initializing. (class org.apache.velocity.runtime.resource.ResourceManagerImpl)
Sat Dec 29 17:27:30 CST 2018   [info] Resource Loader Instantiated: com.genuitec.eclipse.templates.internal.PluginResourceLoader
Sat Dec 29 17:27:30 CST 2018   [info] ResourceCache : initialized. (class org.apache.velocity.runtime.resource.ResourceCacheImpl)
Sat Dec 29 17:27:30 CST 2018   [info] Default ResourceManager initialization complete.
Sat Dec 29 17:27:30 CST 2018   [info] Loaded System Directive: org.apache.velocity.runtime.directive.Literal
Sat Dec 29 17:27:30 CST 2018   [info] Loaded System Directive: org.apache.velocity.runtime.directive.Macro
Sat Dec 29 17:27:30 CST 2018   [info] Loaded System Directive: org.apache.velocity.runtime.directive.Parse
Sat Dec 29 17:27:30 CST 2018   [info] Loaded System Directive: org.apache.velocity.runtime.directive.Include
Sat Dec 29 17:27:30 CST 2018   [info] Loaded System Directive: org.apache.velocity.runtime.directive.Foreach
Sat Dec 29 17:27:30 CST 2018   [info] Created: 20 parsers.
Sat Dec 29 17:27:30 CST 2018   [info] Velocimacro : initialization starting.
Sat Dec 29 17:27:30 CST 2018   [info] Velocimacro : adding VMs from VM library template : VM_global_library.vm
Sat Dec 29 17:27:30 CST 2018  [error] ResourceManager : unable to find resource 'VM_global_library.vm' in any resource loader.
Sat Dec 29 17:27:30 CST 2018   [info] Velocimacro : error using  VM library template VM_global_library.vm : org.apache.velocity.exception.ResourceNotFoundException: Unable to find resource 'VM_global_library.vm'
Sat Dec 29 17:27:30 CST 2018   [info] Velocimacro :  VM library template macro registration complete.
Sat Dec 29 17:27:30 CST 2018   [info] Velocimacro : allowInline = true : VMs can be defined inline in templates
Sat Dec 29 17:27:30 CST 2018   [info] Velocimacro : allowInlineToOverride = true : VMs defined inline may replace previous VM definitions
Sat Dec 29 17:27:30 CST 2018   [info] Velocimacro : allowInlineLocal = true : VMs defined inline will be local to their defining template only.
Sat Dec 29 17:27:30 CST 2018   [info] Velocimacro : messages on  : VM system will output logging messages
Sat Dec 29 17:27:30 CST 2018   [info] Velocimacro : autoload off  : VM system will not automatically reload global library macros
Sat Dec 29 17:27:30 CST 2018   [info] Velocimacro : initialization complete.
Sat Dec 29 17:27:30 CST 2018   [info] Velocity successfully started.
Sat Dec 29 17:27:30 CST 2018   [info] ResourceManager : found templates/xml/Xml.vtl with loader com.genuitec.eclipse.templates.internal.PluginResourceLoader
